#
# There is insufficient memory for the Java Runtime Environment to continue.
# Native memory allocation (malloc) failed to allocate 32744 bytes. Error detail: ChunkPool::allocate
# Possible reasons:
#   The system is out of physical RAM or swap space
#   This process is running with CompressedOops enabled, and the Java Heap may be blocking the growth of the native heap
# Possible solutions:
#   Reduce memory load on the system
#   Increase physical memory or swap space
#   Check if swap backing store is full
#   Decrease Java heap size (-Xmx/-Xms)
#   Decrease number of Java threads
#   Decrease Java thread stack sizes (-Xss)
#   Set larger code cache with -XX:ReservedCodeCacheSize=
#   JVM is running with Unscaled Compressed Oops mode in which the Java heap is
#     placed in the first 4GB address space. The Java Heap base address is the
#     maximum limit for the native heap growth. Please use -XX:HeapBaseMinAddress
#     to set the Java Heap base and to place the Java Heap above 4GB virtual address.
# This output file may be truncated or incomplete.
#
#  Out of Memory Error (arena.cpp:79), pid=29012, tid=8880
#
# JRE version: OpenJDK Runtime Environment Temurin-17.0.12+7 (17.0.12+7) (build 17.0.12+7)
# Java VM: OpenJDK 64-Bit Server VM Temurin-17.0.12+7 (17.0.12+7, mixed mode, tiered, compressed oops, compressed class ptrs, parallel gc, windows-amd64)
# No core dump will be written. Minidumps are not enabled by default on client versions of Windows
#

---------------  S U M M A R Y ------------

Command Line: --add-modules=ALL-SYSTEM --add-opens=java.base/java.util=ALL-UNNAMED --add-opens=java.base/java.lang=ALL-UNNAMED --add-opens=java.base/sun.nio.fs=ALL-UNNAMED -Declipse.application=org.eclipse.jdt.ls.core.id1 -Dosgi.bundles.defaultStartLevel=4 -Declipse.product=org.eclipse.jdt.ls.core.product -Djava.import.generatesMetadataFilesAtProjectRoot=false -DDetectVMInstallationsJob.disabled=true -Dfile.encoding=utf8 -XX:+UseParallelGC -XX:GCTimeRatio=4 -XX:AdaptiveSizePolicyWeight=90 -Dsun.zip.disableMemoryMapping=true -Xmx1G -Xms100m -Xlog:disable -javaagent:c:\Users\34110\.vscode\extensions\redhat.java-1.35.1-win32-x64\lombok\lombok-1.18.33.jar -XX:+HeapDumpOnOutOfMemoryError -XX:HeapDumpPath=c:\Users\34110\AppData\Roaming\Code\User\workspaceStorage\cf65e76bb5e0a24cc42d939f1213dfa8\redhat.java -Daether.dependencyCollector.impl=bf c:\Users\34110\.vscode\extensions\redhat.java-1.35.1-win32-x64\server\plugins\org.eclipse.equinox.launcher_1.6.900.v20240613-2009.jar -configuration c:\Users\34110\AppData\Roaming\Code\User\globalStorage\redhat.java\1.35.1\config_win -data c:\Users\34110\AppData\Roaming\Code\User\workspaceStorage\cf65e76bb5e0a24cc42d939f1213dfa8\redhat.java\jdt_ws --pipe=\\.\pipe\lsp-fdc1be998f8e687e7479414dc9a665ab-sock

Host: 11th Gen Intel(R) Core(TM) i7-1165G7 @ 2.80GHz, 8 cores, 15G,  Windows 11 , 64 bit Build 22621 (10.0.22621.3958)
Time: Tue Oct 22 12:12:21 2024 Eastern Summer Time elapsed time: 7.241454 seconds (0d 0h 0m 7s)

---------------  T H R E A D  ---------------

Current thread (0x000002030665bb10):  JavaThread "main" [_thread_in_vm, id=8880, stack(0x00000072eba00000,0x00000072ebb00000)]

Stack: [0x00000072eba00000,0x00000072ebb00000]
Native frames: (J=compiled Java code, j=interpreted, Vv=VM code, C=native code)
V  [jvm.dll+0x67f929]
V  [jvm.dll+0x8371ba]
V  [jvm.dll+0x838c7e]
V  [jvm.dll+0x8392e3]
V  [jvm.dll+0x24834f]
V  [jvm.dll+0xacbd1]
V  [jvm.dll+0xad01c]
V  [jvm.dll+0x8279a4]
V  [jvm.dll+0x82b292]
V  [jvm.dll+0x82473c]
V  [jvm.dll+0x37433d]
V  [jvm.dll+0x7b13c4]
V  [jvm.dll+0x7b123a]
V  [jvm.dll+0x411e64]
V  [jvm.dll+0x42564c]
C  [java.dll+0x1657]

Java frames: (J=compiled Java code, j=interpreted, Vv=VM code)
j  java.lang.ClassLoader.defineClass0(Ljava/lang/ClassLoader;Ljava/lang/Class;Ljava/lang/String;[BIILjava/security/ProtectionDomain;ZILjava/lang/Object;)Ljava/lang/Class;+0 java.base@17.0.12
j  java.lang.System$2.defineClass(Ljava/lang/ClassLoader;Ljava/lang/Class;Ljava/lang/String;[BLjava/security/ProtectionDomain;ZILjava/lang/Object;)Ljava/lang/Class;+17 java.base@17.0.12
j  java.lang.invoke.MethodHandles$Lookup$ClassDefiner.defineClass(ZLjava/lang/Object;)Ljava/lang/Class;+54 java.base@17.0.12
j  java.lang.invoke.MethodHandles$Lookup$ClassDefiner.defineClassAsLookup(Z)Ljava/lang/invoke/MethodHandles$Lookup;+3 java.base@17.0.12
j  java.lang.invoke.MethodHandles$Lookup.defineHiddenClass([BZ[Ljava/lang/invoke/MethodHandles$Lookup$ClassOption;)Ljava/lang/invoke/MethodHandles$Lookup;+65 java.base@17.0.12
j  java.lang.invoke.InnerClassLambdaMetafactory.generateInnerClass()Ljava/lang/Class;+579 java.base@17.0.12
j  java.lang.invoke.InnerClassLambdaMetafactory.spinInnerClass()Ljava/lang/Class;+114 java.base@17.0.12
j  java.lang.invoke.InnerClassLambdaMetafactory.buildCallSite()Ljava/lang/invoke/CallSite;+1 java.base@17.0.12
j  java.lang.invoke.LambdaMetafactory.metafactory(Ljava/lang/invoke/MethodHandles$Lookup;Ljava/lang/String;Ljava/lang/invoke/MethodType;Ljava/lang/invoke/MethodType;Ljava/lang/invoke/MethodHandle;Ljava/lang/invoke/MethodType;)Ljava/lang/invoke/CallSite;+67 java.base@17.0.12
j  java.lang.invoke.DirectMethodHandle$Holder.invokeStatic(Ljava/lang/Object;Ljava/lang/Object;Ljava/lang/Object;Ljava/lang/Object;Ljava/lang/Object;Ljava/lang/Object;Ljava/lang/Object;)Ljava/lang/Object;+20 java.base@17.0.12
j  java.lang.invoke.Invokers$Holder.invokeExact_MT(Ljava/lang/Object;Ljava/lang/Object;Ljava/lang/Object;Ljava/lang/Object;Ljava/lang/Object;Ljava/lang/Object;Ljava/lang/Object;Ljava/lang/Object;)Ljava/lang/Object;+28 java.base@17.0.12
j  java.lang.invoke.BootstrapMethodInvoker.invoke(Ljava/lang/Class;Ljava/lang/invoke/MethodHandle;Ljava/lang/String;Ljava/lang/Object;Ljava/lang/Object;Ljava/lang/Class;)Ljava/lang/Object;+319 java.base@17.0.12
j  java.lang.invoke.CallSite.makeSite(Ljava/lang/invoke/MethodHandle;Ljava/lang/String;Ljava/lang/invoke/MethodType;Ljava/lang/Object;Ljava/lang/Class;)Ljava/lang/invoke/CallSite;+8 java.base@17.0.12
j  java.lang.invoke.MethodHandleNatives.linkCallSiteImpl(Ljava/lang/Class;Ljava/lang/invoke/MethodHandle;Ljava/lang/String;Ljava/lang/invoke/MethodType;Ljava/lang/Object;[Ljava/lang/Object;)Ljava/lang/invoke/MemberName;+6 java.base@17.0.12
j  java.lang.invoke.MethodHandleNatives.linkCallSite(Ljava/lang/Object;ILjava/lang/Object;Ljava/lang/Object;Ljava/lang/Object;Ljava/lang/Object;[Ljava/lang/Object;)Ljava/lang/invoke/MemberName;+46 java.base@17.0.12
v  ~StubRoutines::call_stub
j  org.eclipse.osgi.internal.framework.BundleContextImpl.notifyFindHooksPriviledged(Lorg/eclipse/osgi/internal/framework/BundleContextImpl;Ljava/util/Collection;)V+66
j  org.eclipse.osgi.internal.framework.BundleContextImpl.notifyFindHooks(Lorg/eclipse/osgi/internal/framework/BundleContextImpl;Ljava/util/List;)V+39
j  org.eclipse.osgi.internal.framework.BundleContextImpl.getBundles()[Lorg/osgi/framework/Bundle;+74
j  org.eclipse.core.runtime.adaptor.EclipseStarter.getCurrentBundles(Z)[Lorg/osgi/framework/Bundle;+3
j  org.eclipse.core.runtime.adaptor.EclipseStarter.loadBasicBundles()[Lorg/osgi/framework/Bundle;+75
j  org.eclipse.core.runtime.adaptor.EclipseStarter.startup([Ljava/lang/String;Ljava/lang/Runnable;)Lorg/osgi/framework/BundleContext;+153
j  org.eclipse.core.runtime.adaptor.EclipseStarter.run([Ljava/lang/String;Ljava/lang/Runnable;)Ljava/lang/Object;+21
v  ~StubRoutines::call_stub
j  jdk.internal.reflect.NativeMethodAccessorImpl.invoke0(Ljava/lang/reflect/Method;Ljava/lang/Object;[Ljava/lang/Object;)Ljava/lang/Object;+0 java.base@17.0.12
j  jdk.internal.reflect.NativeMethodAccessorImpl.invoke(Ljava/lang/Object;[Ljava/lang/Object;)Ljava/lang/Object;+133 java.base@17.0.12
j  jdk.internal.reflect.DelegatingMethodAccessorImpl.invoke(Ljava/lang/Object;[Ljava/lang/Object;)Ljava/lang/Object;+6 java.base@17.0.12
j  java.lang.reflect.Method.invoke(Ljava/lang/Object;[Ljava/lang/Object;)Ljava/lang/Object;+59 java.base@17.0.12
j  org.eclipse.equinox.launcher.Main.invokeFramework([Ljava/lang/String;[Ljava/net/URL;)V+202
j  org.eclipse.equinox.launcher.Main.basicRun([Ljava/lang/String;)V+159
j  org.eclipse.equinox.launcher.Main.run([Ljava/lang/String;)I+4
j  org.eclipse.equinox.launcher.Main.main([Ljava/lang/String;)V+10
v  ~StubRoutines::call_stub

---------------  P R O C E S S  ---------------

Threads class SMR info:
_java_thread_list=0x0000020320bc38d0, length=13, elements={
0x000002030665bb10, 0x000002031a4e5020, 0x0000020306707f90, 0x000002031a4e7270,
0x000002031f5b7030, 0x000002031f5b80a0, 0x000002031f5bb940, 0x000002031f5c1cf0,
0x000002031f5c4e60, 0x000002031f5cecf0, 0x000002031f6874e0, 0x000002031f8ff430,
0x0000020320f14e90
}

Java Threads: ( => current thread )
=>0x000002030665bb10 JavaThread "main" [_thread_in_vm, id=8880, stack(0x00000072eba00000,0x00000072ebb00000)]
  0x000002031a4e5020 JavaThread "Reference Handler" daemon [_thread_blocked, id=10728, stack(0x00000072ebd00000,0x00000072ebe00000)]
  0x0000020306707f90 JavaThread "Finalizer" daemon [_thread_blocked, id=24884, stack(0x00000072ebe00000,0x00000072ebf00000)]
  0x000002031a4e7270 JavaThread "Signal Dispatcher" daemon [_thread_blocked, id=4920, stack(0x00000072ebf00000,0x00000072ec000000)]
  0x000002031f5b7030 JavaThread "Attach Listener" daemon [_thread_blocked, id=22512, stack(0x00000072ec000000,0x00000072ec100000)]
  0x000002031f5b80a0 JavaThread "Service Thread" daemon [_thread_blocked, id=16576, stack(0x00000072ec100000,0x00000072ec200000)]
  0x000002031f5bb940 JavaThread "Monitor Deflation Thread" daemon [_thread_blocked, id=24356, stack(0x00000072ec200000,0x00000072ec300000)]
  0x000002031f5c1cf0 JavaThread "C2 CompilerThread0" daemon [_thread_blocked, id=7384, stack(0x00000072ec300000,0x00000072ec400000)]
  0x000002031f5c4e60 JavaThread "C1 CompilerThread0" daemon [_thread_in_vm, id=15228, stack(0x00000072ec400000,0x00000072ec500000)]
  0x000002031f5cecf0 JavaThread "Sweeper thread" daemon [_thread_blocked, id=28492, stack(0x00000072ec500000,0x00000072ec600000)]
  0x000002031f6874e0 JavaThread "Common-Cleaner" daemon [_thread_blocked, id=26684, stack(0x00000072ec600000,0x00000072ec700000)]
  0x000002031f8ff430 JavaThread "Notification Thread" daemon [_thread_blocked, id=18040, stack(0x00000072ec800000,0x00000072ec900000)]
  0x0000020320f14e90 JavaThread "Active Thread: Equinox Container: 8e8fd4a5-6be4-42e0-8542-c5864fd2e7e8" [_thread_blocked, id=16844, stack(0x00000072ed000000,0x00000072ed100000)]

Other Threads:
  0x000002031f5914b0 VMThread "VM Thread" [stack: 0x00000072ebc00000,0x00000072ebd00000] [id=11632]
  0x000002031f8ff910 WatcherThread [stack: 0x00000072ec900000,0x00000072eca00000] [id=8460]
  0x00000203066727c0 GCTaskThread "GC Thread#0" [stack: 0x00000072ebb00000,0x00000072ebc00000] [id=10332]
  0x00000203209ba280 GCTaskThread "GC Thread#1" [stack: 0x00000072eca00000,0x00000072ecb00000] [id=18060]
  0x0000020320be76a0 GCTaskThread "GC Thread#2" [stack: 0x00000072ecb00000,0x00000072ecc00000] [id=18580]
  0x0000020320be7960 GCTaskThread "GC Thread#3" [stack: 0x00000072ecc00000,0x00000072ecd00000] [id=18788]
  0x0000020320be7c20 GCTaskThread "GC Thread#4" [stack: 0x00000072ecd00000,0x00000072ece00000] [id=3164]
  0x0000020320be7ee0 GCTaskThread "GC Thread#5" [stack: 0x00000072ece00000,0x00000072ecf00000] [id=21520]
  0x0000020320be81a0 GCTaskThread "GC Thread#6" [stack: 0x00000072ecf00000,0x00000072ed000000] [id=15700]

Threads with active compile tasks:
C1 CompilerThread0     7253 1492       3       java.lang.invoke.MemberName::checkForTypeAlias (172 bytes)

VM state: not at safepoint (normal execution)

VM Mutex/Monitor currently owned by a thread: None

Heap address: 0x00000000c0000000, size: 1024 MB, Compressed Oops mode: 32-bit

CDS archive(s) not mapped
Compressed class space mapped at: 0x0000000100000000-0x0000000140000000, reserved size: 1073741824
Narrow klass base: 0x0000000000000000, Narrow klass shift: 3, Narrow klass range: 0x140000000

GC Precious Log:
 CPUs: 8 total, 8 available
 Memory: 15931M
 Large Page Support: Disabled
 NUMA Support: Disabled
 Compressed Oops: Enabled (32-bit)
 Alignments: Space 512K, Generation 512K, Heap 2M
 Heap Min Capacity: 100M
 Heap Initial Capacity: 100M
 Heap Max Capacity: 1G
 Pre-touch: Disabled
 Parallel Workers: 8

Heap:
 PSYoungGen      total 29696K, used 25097K [0x00000000eab00000, 0x00000000ecc00000, 0x0000000100000000)
  eden space 25600K, 85% used [0x00000000eab00000,0x00000000ec071250,0x00000000ec400000)
  from space 4096K, 76% used [0x00000000ec400000,0x00000000ec711340,0x00000000ec800000)
  to   space 4096K, 0% used [0x00000000ec800000,0x00000000ec800000,0x00000000ecc00000)
 ParOldGen       total 68608K, used 8K [0x00000000c0000000, 0x00000000c4300000, 0x00000000eab00000)
  object space 68608K, 0% used [0x00000000c0000000,0x00000000c0002000,0x00000000c4300000)
 Metaspace       used 13896K, committed 14080K, reserved 1114112K
  class space    used 1371K, committed 1472K, reserved 1048576K

Card table byte_map: [0x0000020306010000,0x0000020306220000] _byte_map_base: 0x0000020305a10000

Marking Bits: (ParMarkBitMap*) 0x00007ff886c858b0
 Begin Bits: [0x00000203182f0000, 0x00000203192f0000)
 End Bits:   [0x00000203192f0000, 0x000002031a2f0000)

Polling page: 0x00000203047e0000

Metaspace:

Usage:
  Non-class:     12.23 MB used.
      Class:      1.34 MB used.
       Both:     13.57 MB used.

Virtual space:
  Non-class space:       64.00 MB reserved,      12.31 MB ( 19%) committed,  1 nodes.
      Class space:        1.00 GB reserved,       1.44 MB ( <1%) committed,  1 nodes.
             Both:        1.06 GB reserved,      13.75 MB (  1%) committed. 

Chunk freelists:
   Non-Class:  3.31 MB
       Class:  14.47 MB
        Both:  17.79 MB

MaxMetaspaceSize: unlimited
CompressedClassSpaceSize: 1.00 GB
Initial GC threshold: 21.00 MB
Current GC threshold: 21.00 MB
CDS: off
MetaspaceReclaimPolicy: balanced
 - commit_granule_bytes: 65536.
 - commit_granule_words: 8192.
 - virtual_space_node_default_size: 8388608.
 - enlarge_chunks_in_place: 1.
 - new_chunks_are_fully_committed: 0.
 - uncommit_free_chunks: 1.
 - use_allocation_guard: 0.
 - handle_deallocations: 1.


Internal statistics:

num_allocs_failed_limit: 0.
num_arena_births: 56.
num_arena_deaths: 0.
num_vsnodes_births: 2.
num_vsnodes_deaths: 0.
num_space_committed: 220.
num_space_uncommitted: 0.
num_chunks_returned_to_freelist: 0.
num_chunks_taken_from_freelist: 222.
num_chunk_merges: 0.
num_chunk_splits: 148.
num_chunks_enlarged: 116.
num_inconsistent_stats: 0.

CodeHeap 'non-profiled nmethods': size=120000Kb used=644Kb max_used=644Kb free=119355Kb
 bounds [0x0000020310dc0000, 0x0000020311030000, 0x00000203182f0000]
CodeHeap 'profiled nmethods': size=120000Kb used=2810Kb max_used=2810Kb free=117190Kb
 bounds [0x00000203092f0000, 0x00000203095b0000, 0x0000020310820000]
CodeHeap 'non-nmethods': size=5760Kb used=1169Kb max_used=1189Kb free=4591Kb
 bounds [0x0000020310820000, 0x0000020310a90000, 0x0000020310dc0000]
 total_blobs=1941 nmethods=1490 adapters=365
 compilation: enabled
              stopped_count=0, restarted_count=0
 full_count=0

Compilation events (20 events):
Event: 3.640 Thread 0x000002031f5c4e60 1483       3       org.eclipse.osgi.storage.url.reference.Handler::<init> (35 bytes)
Event: 3.640 Thread 0x000002031f5c4e60 nmethod 1483 0x0000020309598990 code [0x0000020309598b80, 0x0000020309599078]
Event: 3.926 Thread 0x000002031f5c4e60 1484       3       sun.net.www.protocol.file.Handler::parseURL (18 bytes)
Event: 3.927 Thread 0x000002031f5c4e60 nmethod 1484 0x0000020309599290 code [0x0000020309599440, 0x00000203095995f8]
Event: 3.927 Thread 0x000002031f5c4e60 1485       3       java.net.URLStreamHandler::parseURL (1201 bytes)
Event: 3.936 Thread 0x000002031f5c4e60 nmethod 1485 0x0000020309599710 code [0x000002030959a840, 0x00000203095a4de8]
Event: 3.936 Thread 0x000002031f5c4e60 1486       3       java.net.URL::<init> (11 bytes)
Event: 3.936 Thread 0x000002031f5c4e60 nmethod 1486 0x00000203095a8d90 code [0x00000203095a8f40, 0x00000203095a9088]
Event: 4.144 Thread 0x000002031f5c4e60 1487       1       sun.nio.fs.NativeBuffer::size (5 bytes)
Event: 4.144 Thread 0x000002031f5c4e60 nmethod 1487 0x0000020310e60490 code [0x0000020310e60620, 0x0000020310e606f8]
Event: 4.372 Thread 0x000002031f5c4e60 1488       3       sun.nio.fs.WindowsPathParser::normalize (233 bytes)
Event: 4.373 Thread 0x000002031f5c4e60 nmethod 1488 0x00000203095a9110 code [0x00000203095a96e0, 0x00000203095ac2e8]
Event: 4.373 Thread 0x000002031f5c4e60 1489       3       sun.net.util.IPAddressUtil::checkExternalForm (70 bytes)
Event: 4.374 Thread 0x000002031f5c4e60 nmethod 1489 0x00000203095ad410 code [0x00000203095ad6e0, 0x00000203095ae358]
Event: 4.374 Thread 0x000002031f5c4e60 1490       1       sun.nio.fs.NativeBuffer::setOwner (6 bytes)
Event: 4.374 Thread 0x000002031f5c4e60 nmethod 1490 0x0000020310e60790 code [0x0000020310e60920, 0x0000020310e609f8]
Event: 7.239 Thread 0x000002031f5c4e60 1491       1       org.eclipse.osgi.internal.framework.EquinoxBundle$EquinoxModule::getBundle (5 bytes)
Event: 7.239 Thread 0x000002031f5c4e60 nmethod 1491 0x0000020310e60a90 code [0x0000020310e60c20, 0x0000020310e60cf8]
Event: 7.239 Thread 0x000002031f5c4e60 1492       3       java.lang.invoke.MemberName::checkForTypeAlias (172 bytes)
Event: 7.240 Thread 0x000002031f5c1cf0 1493       4       java.lang.invoke.MethodType::parameterType (7 bytes)

GC Heap History (2 events):
Event: 1.038 GC heap before
{Heap before GC invocations=1 (full 0):
 PSYoungGen      total 29696K, used 25600K [0x00000000eab00000, 0x00000000ecc00000, 0x0000000100000000)
  eden space 25600K, 100% used [0x00000000eab00000,0x00000000ec400000,0x00000000ec400000)
  from space 4096K, 0% used [0x00000000ec800000,0x00000000ec800000,0x00000000ecc00000)
  to   space 4096K, 0% used [0x00000000ec400000,0x00000000ec400000,0x00000000ec800000)
 ParOldGen       total 68608K, used 0K [0x00000000c0000000, 0x00000000c4300000, 0x00000000eab00000)
  object space 68608K, 0% used [0x00000000c0000000,0x00000000c0000000,0x00000000c4300000)
 Metaspace       used 10912K, committed 11072K, reserved 1114112K
  class space    used 1083K, committed 1152K, reserved 1048576K
}
Event: 1.047 GC heap after
{Heap after GC invocations=1 (full 0):
 PSYoungGen      total 29696K, used 3140K [0x00000000eab00000, 0x00000000ecc00000, 0x0000000100000000)
  eden space 25600K, 0% used [0x00000000eab00000,0x00000000eab00000,0x00000000ec400000)
  from space 4096K, 76% used [0x00000000ec400000,0x00000000ec711340,0x00000000ec800000)
  to   space 4096K, 0% used [0x00000000ec800000,0x00000000ec800000,0x00000000ecc00000)
 ParOldGen       total 68608K, used 8K [0x00000000c0000000, 0x00000000c4300000, 0x00000000eab00000)
  object space 68608K, 0% used [0x00000000c0000000,0x00000000c0002000,0x00000000c4300000)
 Metaspace       used 10912K, committed 11072K, reserved 1114112K
  class space    used 1083K, committed 1152K, reserved 1048576K
}

Dll operation events (8 events):
Event: 0.039 Loaded shared library c:\Users\34110\.vscode\extensions\redhat.java-1.35.1-win32-x64\jre\17.0.12-win32-x86_64\bin\java.dll
Event: 0.159 Loaded shared library c:\Users\34110\.vscode\extensions\redhat.java-1.35.1-win32-x64\jre\17.0.12-win32-x86_64\bin\zip.dll
Event: 0.163 Loaded shared library C:\Users\34110\.vscode\extensions\redhat.java-1.35.1-win32-x64\jre\17.0.12-win32-x86_64\bin\instrument.dll
Event: 0.176 Loaded shared library C:\Users\34110\.vscode\extensions\redhat.java-1.35.1-win32-x64\jre\17.0.12-win32-x86_64\bin\net.dll
Event: 0.178 Loaded shared library C:\Users\34110\.vscode\extensions\redhat.java-1.35.1-win32-x64\jre\17.0.12-win32-x86_64\bin\nio.dll
Event: 0.189 Loaded shared library C:\Users\34110\.vscode\extensions\redhat.java-1.35.1-win32-x64\jre\17.0.12-win32-x86_64\bin\zip.dll
Event: 0.203 Loaded shared library C:\Users\34110\.vscode\extensions\redhat.java-1.35.1-win32-x64\jre\17.0.12-win32-x86_64\bin\jimage.dll
Event: 0.253 Loaded shared library c:\Users\34110\.vscode\extensions\redhat.java-1.35.1-win32-x64\jre\17.0.12-win32-x86_64\bin\verify.dll

Deoptimization events (20 events):
Event: 1.194 Thread 0x000002030665bb10 DEOPT PACKING pc=0x0000020309363d45 sp=0x00000072ebaf3ca0
Event: 1.194 Thread 0x000002030665bb10 DEOPT UNPACKING pc=0x000002031087a9e3 sp=0x00000072ebaf3150 mode 0
Event: 1.206 Thread 0x000002030665bb10 DEOPT PACKING pc=0x0000020309363d45 sp=0x00000072ebaf3cf0
Event: 1.206 Thread 0x000002030665bb10 DEOPT UNPACKING pc=0x000002031087a9e3 sp=0x00000072ebaf31a0 mode 0
Event: 1.439 Thread 0x000002030665bb10 Uncommon trap: trap_request=0xffffffde fr.pc=0x0000020310e2340c relative=0x000000000000094c
Event: 1.439 Thread 0x000002030665bb10 Uncommon trap: reason=class_check action=maybe_recompile pc=0x0000020310e2340c method=java.util.HashMap.putVal(ILjava/lang/Object;Ljava/lang/Object;ZZ)Ljava/lang/Object; @ 253 c2
Event: 1.439 Thread 0x000002030665bb10 DEOPT PACKING pc=0x0000020310e2340c sp=0x00000072ebafdd50
Event: 1.439 Thread 0x000002030665bb10 DEOPT UNPACKING pc=0x0000020310879ea3 sp=0x00000072ebafdcd0 mode 2
Event: 1.441 Thread 0x000002030665bb10 Uncommon trap: trap_request=0xffffffde fr.pc=0x0000020310e2340c relative=0x000000000000094c
Event: 1.441 Thread 0x000002030665bb10 Uncommon trap: reason=class_check action=maybe_recompile pc=0x0000020310e2340c method=java.util.HashMap.putVal(ILjava/lang/Object;Ljava/lang/Object;ZZ)Ljava/lang/Object; @ 253 c2
Event: 1.441 Thread 0x000002030665bb10 DEOPT PACKING pc=0x0000020310e2340c sp=0x00000072ebafdd50
Event: 1.441 Thread 0x000002030665bb10 DEOPT UNPACKING pc=0x0000020310879ea3 sp=0x00000072ebafdcd0 mode 2
Event: 1.474 Thread 0x000002030665bb10 DEOPT PACKING pc=0x00000203093a870c sp=0x00000072ebafc0c0
Event: 1.474 Thread 0x000002030665bb10 DEOPT UNPACKING pc=0x000002031087a9e3 sp=0x00000072ebafb540 mode 0
Event: 1.474 Thread 0x000002030665bb10 Uncommon trap: trap_request=0xffffff45 fr.pc=0x0000020310df54a0 relative=0x0000000000000100
Event: 1.474 Thread 0x000002030665bb10 Uncommon trap: reason=unstable_if action=reinterpret pc=0x0000020310df54a0 method=java.math.BigInteger.addOne([IIII)I @ 55 c2
Event: 1.474 Thread 0x000002030665bb10 DEOPT PACKING pc=0x0000020310df54a0 sp=0x00000072ebafc550
Event: 1.474 Thread 0x000002030665bb10 DEOPT UNPACKING pc=0x0000020310879ea3 sp=0x00000072ebafc4d0 mode 2
Event: 1.490 Thread 0x000002030665bb10 DEOPT PACKING pc=0x000002030938df3f sp=0x00000072ebaf8920
Event: 1.490 Thread 0x000002030665bb10 DEOPT UNPACKING pc=0x000002031087a9e3 sp=0x00000072ebaf7e28 mode 0

Classes loaded (20 events):
Event: 1.458 Loading class javax/xml/parsers/ParserConfigurationException
Event: 1.458 Loading class javax/xml/parsers/ParserConfigurationException done
Event: 1.460 Loading class java/security/KeyStoreException
Event: 1.460 Loading class java/security/KeyStoreException done
Event: 1.466 Loading class sun/security/x509/SubjectAlternativeNameExtension
Event: 1.466 Loading class sun/security/x509/SubjectAlternativeNameExtension done
Event: 1.466 Loading class sun/security/x509/RFC822Name
Event: 1.466 Loading class sun/security/x509/RFC822Name done
Event: 1.487 Loading class java/util/LinkedList$Node
Event: 1.487 Loading class java/util/LinkedList$Node done
Event: 1.487 Loading class java/util/LinkedList$ListItr
Event: 1.487 Loading class java/util/LinkedList$ListItr done
Event: 1.493 Loading class sun/nio/fs/WindowsChannelFactory
Event: 1.494 Loading class sun/nio/fs/WindowsChannelFactory done
Event: 1.494 Loading class sun/nio/fs/WindowsChannelFactory$1
Event: 1.494 Loading class sun/nio/fs/WindowsChannelFactory$1 done
Event: 1.494 Loading class sun/nio/fs/WindowsChannelFactory$Flags
Event: 1.494 Loading class sun/nio/fs/WindowsChannelFactory$Flags done
Event: 1.494 Loading class sun/nio/ch/FileChannelImpl$Closer
Event: 1.494 Loading class sun/nio/ch/FileChannelImpl$Closer done

Classes unloaded (0 events):
No events

Classes redefined (0 events):
No events

Internal exceptions (20 events):
Event: 0.595 Thread 0x000002030665bb10 Exception <a 'java/io/FileNotFoundException'{0x00000000eb89f7e8}> (0x00000000eb89f7e8) 
thrown [s\src\hotspot\share\prims\jni.cpp, line 516]
Event: 0.595 Thread 0x000002030665bb10 Exception <a 'java/io/FileNotFoundException'{0x00000000eb8a04a8}> (0x00000000eb8a04a8) 
thrown [s\src\hotspot\share\prims\jni.cpp, line 516]
Event: 0.598 Thread 0x000002030665bb10 Implicit null exception at 0x0000020310de2872 to 0x0000020310de2de8
Event: 0.603 Thread 0x000002030665bb10 Exception <a 'java/io/FileNotFoundException'{0x00000000eb8d94f0}> (0x00000000eb8d94f0) 
thrown [s\src\hotspot\share\prims\jni.cpp, line 516]
Event: 0.911 Thread 0x000002030665bb10 Exception <a 'java/lang/ClassNotFoundException'{0x00000000ec1075d0}: sun/net/www/protocol/c/Handler> (0x00000000ec1075d0) 
thrown [s\src\hotspot\share\classfile\systemDictionary.cpp, line 256]
Event: 0.911 Thread 0x000002030665bb10 Exception <a 'java/lang/ClassNotFoundException'{0x00000000ec108970}: sun/net/www/protocol/c/Handler> (0x00000000ec108970) 
thrown [s\src\hotspot\share\classfile\systemDictionary.cpp, line 256]
Event: 0.911 Thread 0x000002030665bb10 Exception <a 'java/lang/ClassNotFoundException'{0x00000000ec109b88}: sun/net/www/protocol/c/Handler> (0x00000000ec109b88) 
thrown [s\src\hotspot\share\classfile\systemDictionary.cpp, line 256]
Event: 0.917 Thread 0x000002030665bb10 Exception <a 'java/io/FileNotFoundException'{0x00000000ec130f58}> (0x00000000ec130f58) 
thrown [s\src\hotspot\share\prims\jni.cpp, line 516]
Event: 0.951 Thread 0x000002030665bb10 Implicit null exception at 0x0000020310e18ffb to 0x0000020310e199ec
Event: 0.951 Thread 0x000002030665bb10 Implicit null exception at 0x0000020310e0e80c to 0x0000020310e0ea34
Event: 0.951 Thread 0x000002030665bb10 Implicit null exception at 0x0000020310e06a0e to 0x0000020310e06c3c
Event: 0.951 Thread 0x000002030665bb10 Implicit null exception at 0x0000020310e0328f to 0x0000020310e03305
Event: 1.050 Thread 0x000002030665bb10 Exception <a 'java/lang/NoSuchMethodError'{0x00000000eab133a8}: 'int java.lang.invoke.DirectMethodHandle$Holder.invokeStaticInit(java.lang.Object, java.lang.Object, java.lang.Object, java.lang.Object)'> (0x00000000eab133a8) 
thrown [s\src\hotspot\share\interpreter\linkResolver.cpp, line 759]
Event: 1.052 Thread 0x000002030665bb10 Exception <a 'java/lang/NoSuchMethodError'{0x00000000eab1db10}: 'java.lang.Object java.lang.invoke.DirectMethodHandle$Holder.invokeInterface(java.lang.Object, java.lang.Object)'> (0x00000000eab1db10) 
thrown [s\src\hotspot\share\interpreter\linkResolver.cpp, line 759]
Event: 1.052 Thread 0x000002030665bb10 Exception <a 'java/lang/IncompatibleClassChangeError'{0x00000000eab21308}: Found class java.lang.Object, but interface was expected> (0x00000000eab21308) 
thrown [s\src\hotspot\share\interpreter\linkResolver.cpp, line 826]
Event: 1.053 Thread 0x000002030665bb10 Exception <a 'java/lang/NoSuchMethodError'{0x00000000eab257e8}: 'void java.lang.invoke.DirectMethodHandle$Holder.invokeStatic(java.lang.Object, java.lang.Object)'> (0x00000000eab257e8) 
thrown [s\src\hotspot\share\interpreter\linkResolver.cpp, line 759]
Event: 1.055 Thread 0x000002030665bb10 Exception <a 'java/lang/NoSuchMethodError'{0x00000000eab28fe8}: 'void java.lang.invoke.DirectMethodHandle$Holder.invokeStaticInit(java.lang.Object, java.lang.Object)'> (0x00000000eab28fe8) 
thrown [s\src\hotspot\share\interpreter\linkResolver.cpp, line 759]
Event: 1.061 Thread 0x000002030665bb10 Exception <a 'java/lang/NoSuchMethodError'{0x00000000eab304c8}: 'int java.lang.invoke.DirectMethodHandle$Holder.invokeStaticInit(java.lang.Object, java.lang.Object)'> (0x00000000eab304c8) 
thrown [s\src\hotspot\share\interpreter\linkResolver.cpp, line 759]
Event: 1.122 Thread 0x000002030665bb10 Exception <a 'java/lang/NoSuchMethodError'{0x00000000eacbf880}: 'void java.lang.invoke.DirectMethodHandle$Holder.invokeSpecial(java.lang.Object, java.lang.Object, java.lang.Object)'> (0x00000000eacbf880) 
thrown [s\src\hotspot\share\interpreter\linkResolver.cpp, line 759]
Event: 1.426 Thread 0x000002030665bb10 Exception <a 'java/lang/NoSuchMethodError'{0x00000000ebacdf60}: 'java.lang.Object java.lang.invoke.DirectMethodHandle$Holder.newInvokeSpecial(java.lang.Object, int, java.lang.Object)'> (0x00000000ebacdf60) 
thrown [s\src\hotspot\share\interpreter\linkResolver.cpp, line 759]

VM Operations (20 events):
Event: 0.535 Executing VM operation: HandshakeAllThreads
Event: 0.535 Executing VM operation: HandshakeAllThreads done
Event: 0.572 Executing VM operation: HandshakeAllThreads
Event: 0.572 Executing VM operation: HandshakeAllThreads done
Event: 0.889 Executing VM operation: HandshakeAllThreads
Event: 0.889 Executing VM operation: HandshakeAllThreads done
Event: 0.916 Executing VM operation: ICBufferFull
Event: 0.916 Executing VM operation: ICBufferFull done
Event: 1.038 Executing VM operation: ParallelGCFailedAllocation
Event: 1.047 Executing VM operation: ParallelGCFailedAllocation done
Event: 1.388 Executing VM operation: HandshakeAllThreads
Event: 1.388 Executing VM operation: HandshakeAllThreads done
Event: 1.388 Executing VM operation: HandshakeAllThreads
Event: 1.388 Executing VM operation: HandshakeAllThreads done
Event: 1.395 Executing VM operation: HandshakeAllThreads
Event: 1.395 Executing VM operation: HandshakeAllThreads done
Event: 1.418 Executing VM operation: HandshakeAllThreads
Event: 1.418 Executing VM operation: HandshakeAllThreads done
Event: 2.420 Executing VM operation: Cleanup
Event: 2.439 Executing VM operation: Cleanup done

Events (17 events):
Event: 0.061 Thread 0x000002030665bb10 Thread added: 0x000002030665bb10
Event: 0.068 Thread 0x000002031a4e5020 Thread added: 0x000002031a4e5020
Event: 0.068 Thread 0x0000020306707f90 Thread added: 0x0000020306707f90
Event: 0.082 Thread 0x000002031a4e7270 Thread added: 0x000002031a4e7270
Event: 0.082 Thread 0x000002031f5b7030 Thread added: 0x000002031f5b7030
Event: 0.082 Thread 0x000002031f5b80a0 Thread added: 0x000002031f5b80a0
Event: 0.082 Thread 0x000002031f5bb940 Thread added: 0x000002031f5bb940
Event: 0.082 Thread 0x000002031f5c1cf0 Thread added: 0x000002031f5c1cf0
Event: 0.082 Thread 0x000002031f5c4e60 Thread added: 0x000002031f5c4e60
Event: 0.083 Thread 0x000002031f5cecf0 Thread added: 0x000002031f5cecf0
Event: 0.123 Thread 0x000002031f6874e0 Thread added: 0x000002031f6874e0
Event: 0.250 Thread 0x000002031f8d0f90 Thread added: 0x000002031f8d0f90
Event: 0.323 Thread 0x000002031f8ff430 Thread added: 0x000002031f8ff430
Event: 0.532 Thread 0x00000203209ba280 Thread added: 0x00000203209ba280
Event: 1.016 Thread 0x00000203209ba280 Thread exited: 0x00000203209ba280
Event: 1.378 Thread 0x0000020320f14e90 Thread added: 0x0000020320f14e90
Event: 1.705 Thread 0x000002031f8d0f90 Thread exited: 0x000002031f8d0f90


Dynamic libraries:
0x00007ff721530000 - 0x00007ff72153e000 	c:\Users\34110\.vscode\extensions\redhat.java-1.35.1-win32-x64\jre\17.0.12-win32-x86_64\bin\java.exe
0x00007ff91d130000 - 0x00007ff91d347000 	C:\WINDOWS\SYSTEM32\ntdll.dll
0x00007ff91b420000 - 0x00007ff91b4e4000 	C:\WINDOWS\System32\KERNEL32.DLL
0x00007ff91a8e0000 - 0x00007ff91ac97000 	C:\WINDOWS\System32\KERNELBASE.dll
0x00007ff91ad40000 - 0x00007ff91ae51000 	C:\WINDOWS\System32\ucrtbase.dll
0x00007ff8fdef0000 - 0x00007ff8fdf07000 	c:\Users\34110\.vscode\extensions\redhat.java-1.35.1-win32-x64\jre\17.0.12-win32-x86_64\bin\jli.dll
0x00007ff8fd3a0000 - 0x00007ff8fd3bb000 	c:\Users\34110\.vscode\extensions\redhat.java-1.35.1-win32-x64\jre\17.0.12-win32-x86_64\bin\VCRUNTIME140.dll
0x00007ff91af10000 - 0x00007ff91b0bf000 	C:\WINDOWS\System32\USER32.dll
0x00007ff91a810000 - 0x00007ff91a836000 	C:\WINDOWS\System32\win32u.dll
0x00007ff9010c0000 - 0x00007ff901353000 	C:\WINDOWS\WinSxS\amd64_microsoft.windows.common-controls_6595b64144ccf1df_6.0.22621.3672_none_2713b9d173822955\COMCTL32.dll
0x00007ff91b160000 - 0x00007ff91b189000 	C:\WINDOWS\System32\GDI32.dll
0x00007ff91b370000 - 0x00007ff91b417000 	C:\WINDOWS\System32\msvcrt.dll
0x00007ff91a500000 - 0x00007ff91a618000 	C:\WINDOWS\System32\gdi32full.dll
0x00007ff91a840000 - 0x00007ff91a8da000 	C:\WINDOWS\System32\msvcp_win.dll
0x00007ff91c790000 - 0x00007ff91c7c1000 	C:\WINDOWS\System32\IMM32.DLL
0x00007ff9001f0000 - 0x00007ff9001fc000 	c:\Users\34110\.vscode\extensions\redhat.java-1.35.1-win32-x64\jre\17.0.12-win32-x86_64\bin\vcruntime140_1.dll
0x00007ff8d5ff0000 - 0x00007ff8d607d000 	c:\Users\34110\.vscode\extensions\redhat.java-1.35.1-win32-x64\jre\17.0.12-win32-x86_64\bin\msvcp140.dll
0x00007ff8860e0000 - 0x00007ff886d4a000 	c:\Users\34110\.vscode\extensions\redhat.java-1.35.1-win32-x64\jre\17.0.12-win32-x86_64\bin\server\jvm.dll
0x00007ff91b610000 - 0x00007ff91b6c2000 	C:\WINDOWS\System32\ADVAPI32.dll
0x00007ff91ae60000 - 0x00007ff91af08000 	C:\WINDOWS\System32\sechost.dll
0x00007ff91aca0000 - 0x00007ff91acc8000 	C:\WINDOWS\System32\bcrypt.dll
0x00007ff91b4f0000 - 0x00007ff91b604000 	C:\WINDOWS\System32\RPCRT4.dll
0x00007ff91d070000 - 0x00007ff91d0e1000 	C:\WINDOWS\System32\WS2_32.dll
0x00007ff9192b0000 - 0x00007ff9192fd000 	C:\WINDOWS\SYSTEM32\POWRPROF.dll
0x00007ff9137f0000 - 0x00007ff913824000 	C:\WINDOWS\SYSTEM32\WINMM.dll
0x00007ff903cd0000 - 0x00007ff903cda000 	C:\WINDOWS\SYSTEM32\VERSION.dll
0x00007ff919290000 - 0x00007ff9192a3000 	C:\WINDOWS\SYSTEM32\UMPDC.dll
0x00007ff9194e0000 - 0x00007ff9194f8000 	C:\WINDOWS\SYSTEM32\kernel.appcore.dll
0x00007ff8fe0f0000 - 0x00007ff8fe0fa000 	c:\Users\34110\.vscode\extensions\redhat.java-1.35.1-win32-x64\jre\17.0.12-win32-x86_64\bin\jimage.dll
0x00007ff9178d0000 - 0x00007ff917b02000 	C:\WINDOWS\SYSTEM32\DBGHELP.DLL
0x00007ff91c7d0000 - 0x00007ff91cb5e000 	C:\WINDOWS\System32\combase.dll
0x00007ff91c100000 - 0x00007ff91c1d7000 	C:\WINDOWS\System32\OLEAUT32.dll
0x00007ff9137b0000 - 0x00007ff9137e2000 	C:\WINDOWS\SYSTEM32\dbgcore.DLL
0x00007ff91a790000 - 0x00007ff91a80b000 	C:\WINDOWS\System32\bcryptPrimitives.dll
0x00007ff8fe070000 - 0x00007ff8fe07e000 	c:\Users\34110\.vscode\extensions\redhat.java-1.35.1-win32-x64\jre\17.0.12-win32-x86_64\bin\instrument.dll
0x00007ff8dd340000 - 0x00007ff8dd365000 	c:\Users\34110\.vscode\extensions\redhat.java-1.35.1-win32-x64\jre\17.0.12-win32-x86_64\bin\java.dll
0x00007ff8fa630000 - 0x00007ff8fa648000 	c:\Users\34110\.vscode\extensions\redhat.java-1.35.1-win32-x64\jre\17.0.12-win32-x86_64\bin\zip.dll
0x00007ff91b6e0000 - 0x00007ff91bf49000 	C:\WINDOWS\System32\SHELL32.dll
0x00007ff918370000 - 0x00007ff918c6f000 	C:\WINDOWS\SYSTEM32\windows.storage.dll
0x00007ff918230000 - 0x00007ff91836f000 	C:\WINDOWS\SYSTEM32\wintypes.dll
0x00007ff91b270000 - 0x00007ff91b369000 	C:\WINDOWS\System32\SHCORE.dll
0x00007ff91d010000 - 0x00007ff91d06e000 	C:\WINDOWS\System32\shlwapi.dll
0x00007ff91a370000 - 0x00007ff91a397000 	C:\WINDOWS\SYSTEM32\profapi.dll
0x00007ff8e9fb0000 - 0x00007ff8e9fc9000 	C:\Users\34110\.vscode\extensions\redhat.java-1.35.1-win32-x64\jre\17.0.12-win32-x86_64\bin\net.dll
0x00007ff911c20000 - 0x00007ff911d56000 	C:\WINDOWS\SYSTEM32\WINHTTP.dll
0x00007ff9199a0000 - 0x00007ff919a09000 	C:\WINDOWS\system32\mswsock.dll
0x00007ff8e96f0000 - 0x00007ff8e9706000 	C:\Users\34110\.vscode\extensions\redhat.java-1.35.1-win32-x64\jre\17.0.12-win32-x86_64\bin\nio.dll
0x00007ff8fde80000 - 0x00007ff8fde90000 	c:\Users\34110\.vscode\extensions\redhat.java-1.35.1-win32-x64\jre\17.0.12-win32-x86_64\bin\verify.dll

dbghelp: loaded successfully - version: 4.0.5 - missing functions: none
symbol engine: initialized successfully - sym options: 0x614 - pdb path: .;c:\Users\34110\.vscode\extensions\redhat.java-1.35.1-win32-x64\jre\17.0.12-win32-x86_64\bin;C:\WINDOWS\SYSTEM32;C:\WINDOWS\WinSxS\amd64_microsoft.windows.common-controls_6595b64144ccf1df_6.0.22621.3672_none_2713b9d173822955;c:\Users\34110\.vscode\extensions\redhat.java-1.35.1-win32-x64\jre\17.0.12-win32-x86_64\bin\server

VM Arguments:
jvm_args: --add-modules=ALL-SYSTEM --add-opens=java.base/java.util=ALL-UNNAMED --add-opens=java.base/java.lang=ALL-UNNAMED --add-opens=java.base/sun.nio.fs=ALL-UNNAMED -Declipse.application=org.eclipse.jdt.ls.core.id1 -Dosgi.bundles.defaultStartLevel=4 -Declipse.product=org.eclipse.jdt.ls.core.product -Djava.import.generatesMetadataFilesAtProjectRoot=false -DDetectVMInstallationsJob.disabled=true -Dfile.encoding=utf8 -XX:+UseParallelGC -XX:GCTimeRatio=4 -XX:AdaptiveSizePolicyWeight=90 -Dsun.zip.disableMemoryMapping=true -Xmx1G -Xms100m -Xlog:disable -javaagent:c:\Users\34110\.vscode\extensions\redhat.java-1.35.1-win32-x64\lombok\lombok-1.18.33.jar -XX:+HeapDumpOnOutOfMemoryError -XX:HeapDumpPath=c:\Users\34110\AppData\Roaming\Code\User\workspaceStorage\cf65e76bb5e0a24cc42d939f1213dfa8\redhat.java -Daether.dependencyCollector.impl=bf 
java_command: c:\Users\34110\.vscode\extensions\redhat.java-1.35.1-win32-x64\server\plugins\org.eclipse.equinox.launcher_1.6.900.v20240613-2009.jar -configuration c:\Users\34110\AppData\Roaming\Code\User\globalStorage\redhat.java\1.35.1\config_win -data c:\Users\34110\AppData\Roaming\Code\User\workspaceStorage\cf65e76bb5e0a24cc42d939f1213dfa8\redhat.java\jdt_ws --pipe=\\.\pipe\lsp-fdc1be998f8e687e7479414dc9a665ab-sock
java_class_path (initial): c:\Users\34110\.vscode\extensions\redhat.java-1.35.1-win32-x64\server\plugins\org.eclipse.equinox.launcher_1.6.900.v20240613-2009.jar
Launcher Type: SUN_STANDARD

[Global flags]
    uintx AdaptiveSizePolicyWeight                 = 90                                        {product} {command line}
     intx CICompilerCount                          = 4                                         {product} {ergonomic}
    uintx GCTimeRatio                              = 4                                         {product} {command line}
     bool HeapDumpOnOutOfMemoryError               = true                                   {manageable} {command line}
    ccstr HeapDumpPath                             = c:\Users\34110\AppData\Roaming\Code\User\workspaceStorage\cf65e76bb5e0a24cc42d939f1213dfa8\redhat.java         {manageable} {command line}
   size_t InitialHeapSize                          = 104857600                                 {product} {command line}
   size_t MaxHeapSize                              = 1073741824                                {product} {command line}
   size_t MaxNewSize                               = 357564416                                 {product} {ergonomic}
   size_t MinHeapDeltaBytes                        = 524288                                    {product} {ergonomic}
   size_t MinHeapSize                              = 104857600                                 {product} {command line}
   size_t NewSize                                  = 34603008                                  {product} {ergonomic}
    uintx NonNMethodCodeHeapSize                   = 5839372                                {pd product} {ergonomic}
    uintx NonProfiledCodeHeapSize                  = 122909434                              {pd product} {ergonomic}
   size_t OldSize                                  = 70254592                                  {product} {ergonomic}
    uintx ProfiledCodeHeapSize                     = 122909434                              {pd product} {ergonomic}
    uintx ReservedCodeCacheSize                    = 251658240                              {pd product} {ergonomic}
     bool SegmentedCodeCache                       = true                                      {product} {ergonomic}
   size_t SoftMaxHeapSize                          = 1073741824                             {manageable} {ergonomic}
     bool UseCompressedClassPointers               = true                           {product lp64_product} {ergonomic}
     bool UseCompressedOops                        = true                           {product lp64_product} {ergonomic}
     bool UseLargePagesIndividualAllocation        = false                                  {pd product} {ergonomic}
     bool UseParallelGC                            = true                                      {product} {command line}

Logging:
Log output configuration:
 #0: stdout all=off uptime,level,tags
 #1: stderr all=off uptime,level,tags

Environment Variables:
PATH=C:\Program Files\Eclipse Adoptium\jdk-21.0.4.7-hotspot\bin;C:\Program Files (x86)\Common Files\Oracle\Java\java8path;C:\Program Files (x86)\Common Files\Oracle\Java\javapath;C:\WINDOWS\system32;C:\WINDOWS;C:\WINDOWS\System32\Wbem;C:\WINDOWS\System32\WindowsPowerShell\v1.0\;C:\WINDOWS\System32\OpenSSH\;C:\Program Files\dotnet\;C:\Users\34110\AppData\Local\Microsoft\WindowsApps;C:\Users\34110\AppData\Local\GitHubDesktop\bin;C:\Users\34110\AppData\Local\Programs\Microsoft VS Code\bin
USERNAME=34110
OS=Windows_NT
PROCESSOR_IDENTIFIER=Intel64 Family 6 Model 140 Stepping 1, GenuineIntel
TMP=C:\Users\34110\AppData\Local\Temp
TEMP=C:\Users\34110\AppData\Local\Temp



Periodic native trim disabled


---------------  S Y S T E M  ---------------

OS:
 Windows 11 , 64 bit Build 22621 (10.0.22621.3958)
OS uptime: 6 days 4:19 hours
Hyper-V role detected

CPU: total 8 (initial active 8) (4 cores per cpu, 2 threads per core) family 6 model 140 stepping 1 microcode 0xa4, cx8, cmov, fxsr, ht, mmx, 3dnowpref, sse, sse2, sse3, ssse3, sse4.1, sse4.2, popcnt, lzcnt, tsc, tscinvbit, avx, avx2, aes, erms, clmul, bmi1, bmi2, adx, avx512f, avx512dq, avx512cd, avx512bw, avx512vl, sha, fma, vzeroupper, avx512_vpopcntdq, avx512_vpclmulqdq, avx512_vaes, avx512_vnni, clflush, clflushopt, clwb, avx512_vbmi2, avx512_vbmi, hv
Processor Information for processor 0
  Max Mhz: 2803, Current Mhz: 2803, Mhz Limit: 2803
Processor Information for processor 1
  Max Mhz: 2803, Current Mhz: 2803, Mhz Limit: 2803
Processor Information for processor 2
  Max Mhz: 2803, Current Mhz: 2803, Mhz Limit: 2803
Processor Information for processor 3
  Max Mhz: 2803, Current Mhz: 1201, Mhz Limit: 2803
Processor Information for processor 4
  Max Mhz: 2803, Current Mhz: 1201, Mhz Limit: 2803
Processor Information for processor 5
  Max Mhz: 2803, Current Mhz: 2803, Mhz Limit: 2803
Processor Information for processor 6
  Max Mhz: 2803, Current Mhz: 2803, Mhz Limit: 2803
Processor Information for processor 7
  Max Mhz: 2803, Current Mhz: 2803, Mhz Limit: 2803

Memory: 4k page, system-wide physical 15931M (5871M free)
TotalPageFile size 65083M (AvailPageFile size 3M)
current process WorkingSet (physical memory assigned to process): 77M, peak: 85M
current process commit charge ("private bytes"): 198M, peak: 206M

vm_info: OpenJDK 64-Bit Server VM (17.0.12+7) for windows-amd64 JRE (17.0.12+7), built on Jul 16 2024 22:08:24 by "admin" with MS VC++ 16.10 / 16.11 (VS2019)

END.
